<?xml version="1.0" encoding="UTF-8"?>
<testng-results ignored="0" total="1" passed="1" failed="0" skipped="0">
  <reporter-output>
  </reporter-output>
  <suite started-at="2024-02-11T23:35:01 IST" name="Default suite" finished-at="2024-02-11T23:35:21 IST" duration-ms="20348">
    <groups>
    </groups>
    <test started-at="2024-02-11T23:35:01 IST" name="Default test" finished-at="2024-02-11T23:35:21 IST" duration-ms="20348">
      <class name="testcase.TestClass">
        <test-method is-config="true" signature="preCondition()[pri:0, instance:testcase.TestClass@729d991e]" started-at="2024-02-11T23:35:01 IST" name="preCondition" finished-at="2024-02-11T23:35:07 IST" duration-ms="6714" status="PASS">
          <reporter-output>
          </reporter-output>
        </test-method> <!-- preCondition -->
        <test-method signature="test()[pri:0, instance:testcase.TestClass@729d991e]" started-at="2024-02-11T23:35:07 IST" name="test" finished-at="2024-02-11T23:35:21 IST" duration-ms="13313" status="PASS">
          <reporter-output>
          </reporter-output>
        </test-method> <!-- test -->
        <test-method is-config="true" signature="postCondition()[pri:0, instance:testcase.TestClass@729d991e]" started-at="2024-02-11T23:35:21 IST" name="postCondition" finished-at="2024-02-11T23:35:21 IST" duration-ms="269" status="PASS">
          <reporter-output>
          </reporter-output>
        </test-method> <!-- postCondition -->
      </class> <!-- testcase.TestClass -->
    </test> <!-- Default test -->
  </suite> <!-- Default suite -->
</testng-results>
