<?xml version="1.0" encoding="UTF-8"?>
<!-- Generated by org.testng.reporters.JUnitXMLReporter -->
<testsuite ignored="0" hostname="LAPTOP-1FMJT3B1" failures="1" tests="1" name="Test" time="7.143" errors="0" timestamp="2024-02-11T23:33:40 IST">
  <testcase classname="testcase.TestClass" name="test" time="0.008">
    <failure type="java.lang.Error" message="Unresolved compilation problem: 
	The method delete() is undefined for the type VerifyLead
">
      <![CDATA[java.lang.Error: Unresolved compilation problem: 
The method delete() is undefined for the type VerifyLead

at testcase.TestClass.test(TestClass.java:31)
at java.base/java.util.ArrayList.forEach(ArrayList.java:1511)
... Removed 27 stack frames]]>
    </failure>
  </testcase> <!-- test -->
</testsuite> <!-- Test -->
